<?xml version="1.0" encoding="UTF-8"?>
<!-- Generated by org.testng.reporters.JUnitReportReporter -->
<testsuite hostname="NB-OKTYURIN" name="ru.st.selenium.LoginTest" tests="1" failures="0" timestamp="9 Feb 2016 20:24:20 GMT" time="1.647" errors="0">
  <testcase name="testUntitled" time="1.647" classname="ru.st.selenium.LoginTest"/>
</testsuite> <!-- ru.st.selenium.LoginTest -->
