<?xml version="1.0" encoding="UTF-8"?>
<!-- Generated by org.testng.reporters.JUnitReportReporter -->
<testsuite hostname="NB-OKTYURIN" name="ru.st.selenium.LoginTest" tests="1" failures="0" timestamp="11 Feb 2016 21:29:12 GMT" time="3.203" errors="0">
  <testcase name="testUntitled" time="3.203" classname="ru.st.selenium.LoginTest"/>
</testsuite> <!-- ru.st.selenium.LoginTest -->
