<?xml version="1.0" encoding="UTF-8"?>
<!-- Generated by org.testng.reporters.JUnitReportReporter -->
<testsuite hostname="NB-OKTYURIN" name="ru.st.selenium.HomePageTest" tests="2" failures="0" timestamp="9 Feb 2016 20:22:10 GMT" time="0.171" errors="0">
  <testcase name="testH1Existing" time="0.168" classname="ru.st.selenium.HomePageTest"/>
  <testcase name="test2" time="0.003" classname="ru.st.selenium.HomePageTest"/>
</testsuite> <!-- ru.st.selenium.HomePageTest -->
